{"/Users/nickdyer/projects/bowling-scores/spec/FrameSpec.js":{"path":"/Users/nickdyer/projects/bowling-scores/spec/FrameSpec.js","s":{"1":1,"2":1,"3":1,"4":1,"5":1,"6":1,"7":10,"8":1,"9":1,"10":1,"11":1,"12":1,"13":1,"14":1,"15":1,"16":1,"17":1,"18":1,"19":1,"20":1,"21":1,"22":1,"23":1,"24":1,"25":1,"26":1,"27":1,"28":1,"29":1,"30":1,"31":1,"32":1,"33":1,"34":1,"35":1,"36":1,"37":1,"38":1,"39":1,"40":1,"41":1,"42":1,"43":1,"44":1,"45":1,"46":1,"47":1,"48":1,"49":1,"50":1,"51":1,"52":1,"53":1,"54":1,"55":1,"56":1},"b":{},"f":{"1":1,"2":10,"3":1,"4":1,"5":1,"6":1,"7":1,"8":1,"9":1,"10":1,"11":1,"12":1,"13":1,"14":1,"15":1,"16":1,"17":1},"fnMap":{"1":{"name":"(anonymous_1)","line":6,"loc":{"start":{"line":6,"column":18},"end":{"line":6,"column":29}}},"2":{"name":"(anonymous_2)","line":11,"loc":{"start":{"line":11,"column":15},"end":{"line":11,"column":25}}},"3":{"name":"(anonymous_3)","line":15,"loc":{"start":{"line":15,"column":46},"end":{"line":15,"column":56}}},"4":{"name":"(anonymous_4)","line":20,"loc":{"start":{"line":20,"column":33},"end":{"line":20,"column":43}}},"5":{"name":"(anonymous_5)","line":26,"loc":{"start":{"line":26,"column":39},"end":{"line":26,"column":50}}},"6":{"name":"(anonymous_6)","line":29,"loc":{"start":{"line":29,"column":14},"end":{"line":29,"column":24}}},"7":{"name":"(anonymous_7)","line":32,"loc":{"start":{"line":32,"column":59},"end":{"line":32,"column":70}}},"8":{"name":"(anonymous_8)","line":34,"loc":{"start":{"line":34,"column":14},"end":{"line":34,"column":24}}},"9":{"name":"(anonymous_9)","line":37,"loc":{"start":{"line":37,"column":66},"end":{"line":37,"column":77}}},"10":{"name":"(anonymous_10)","line":44,"loc":{"start":{"line":44,"column":40},"end":{"line":44,"column":51}}},"11":{"name":"(anonymous_11)","line":50,"loc":{"start":{"line":50,"column":41},"end":{"line":50,"column":52}}},"12":{"name":"(anonymous_12)","line":56,"loc":{"start":{"line":56,"column":75},"end":{"line":56,"column":86}}},"13":{"name":"(anonymous_13)","line":61,"loc":{"start":{"line":61,"column":14},"end":{"line":61,"column":24}}},"14":{"name":"(anonymous_14)","line":64,"loc":{"start":{"line":64,"column":63},"end":{"line":64,"column":74}}},"15":{"name":"(anonymous_15)","line":70,"loc":{"start":{"line":70,"column":14},"end":{"line":70,"column":24}}},"16":{"name":"(anonymous_16)","line":74,"loc":{"start":{"line":74,"column":62},"end":{"line":74,"column":73}}},"17":{"name":"(anonymous_17)","line":80,"loc":{"start":{"line":80,"column":14},"end":{"line":80,"column":24}}}},"statementMap":{"1":{"start":{"line":3,"column":0},"end":{"line":3,"column":39}},"2":{"start":{"line":4,"column":0},"end":{"line":4,"column":45}},"3":{"start":{"line":6,"column":0},"end":{"line":84,"column":5}},"4":{"start":{"line":8,"column":2},"end":{"line":8,"column":12}},"5":{"start":{"line":9,"column":2},"end":{"line":9,"column":14}},"6":{"start":{"line":11,"column":4},"end":{"line":13,"column":7}},"7":{"start":{"line":12,"column":6},"end":{"line":12,"column":26}},"8":{"start":{"line":15,"column":4},"end":{"line":17,"column":7}},"9":{"start":{"line":16,"column":6},"end":{"line":16,"column":41}},"10":{"start":{"line":20,"column":4},"end":{"line":23,"column":7}},"11":{"start":{"line":21,"column":6},"end":{"line":21,"column":27}},"12":{"start":{"line":22,"column":6},"end":{"line":22,"column":40}},"13":{"start":{"line":26,"column":4},"end":{"line":30,"column":7}},"14":{"start":{"line":27,"column":6},"end":{"line":27,"column":27}},"15":{"start":{"line":28,"column":6},"end":{"line":28,"column":27}},"16":{"start":{"line":29,"column":6},"end":{"line":29,"column":121}},"17":{"start":{"line":29,"column":26},"end":{"line":29,"column":47}},"18":{"start":{"line":32,"column":4},"end":{"line":35,"column":7}},"19":{"start":{"line":33,"column":6},"end":{"line":33,"column":27}},"20":{"start":{"line":34,"column":6},"end":{"line":34,"column":109}},"21":{"start":{"line":34,"column":26},"end":{"line":34,"column":47}},"22":{"start":{"line":37,"column":4},"end":{"line":42,"column":7}},"23":{"start":{"line":38,"column":6},"end":{"line":38,"column":27}},"24":{"start":{"line":39,"column":6},"end":{"line":39,"column":27}},"25":{"start":{"line":40,"column":6},"end":{"line":40,"column":41}},"26":{"start":{"line":41,"column":6},"end":{"line":41,"column":42}},"27":{"start":{"line":44,"column":4},"end":{"line":48,"column":7}},"28":{"start":{"line":45,"column":6},"end":{"line":45,"column":27}},"29":{"start":{"line":46,"column":6},"end":{"line":46,"column":27}},"30":{"start":{"line":47,"column":6},"end":{"line":47,"column":41}},"31":{"start":{"line":50,"column":4},"end":{"line":53,"column":7}},"32":{"start":{"line":51,"column":6},"end":{"line":51,"column":28}},"33":{"start":{"line":52,"column":6},"end":{"line":52,"column":42}},"34":{"start":{"line":56,"column":4},"end":{"line":62,"column":7}},"35":{"start":{"line":57,"column":6},"end":{"line":57,"column":31}},"36":{"start":{"line":58,"column":6},"end":{"line":58,"column":31}},"37":{"start":{"line":59,"column":6},"end":{"line":59,"column":29}},"38":{"start":{"line":60,"column":6},"end":{"line":60,"column":29}},"39":{"start":{"line":61,"column":6},"end":{"line":61,"column":123}},"40":{"start":{"line":61,"column":26},"end":{"line":61,"column":49}},"41":{"start":{"line":64,"column":4},"end":{"line":72,"column":7}},"42":{"start":{"line":65,"column":6},"end":{"line":65,"column":31}},"43":{"start":{"line":66,"column":6},"end":{"line":66,"column":31}},"44":{"start":{"line":67,"column":6},"end":{"line":67,"column":30}},"45":{"start":{"line":68,"column":6},"end":{"line":68,"column":29}},"46":{"start":{"line":69,"column":6},"end":{"line":69,"column":29}},"47":{"start":{"line":70,"column":6},"end":{"line":70,"column":123}},"48":{"start":{"line":70,"column":26},"end":{"line":70,"column":49}},"49":{"start":{"line":74,"column":4},"end":{"line":81,"column":7}},"50":{"start":{"line":75,"column":6},"end":{"line":75,"column":31}},"51":{"start":{"line":76,"column":6},"end":{"line":76,"column":31}},"52":{"start":{"line":77,"column":6},"end":{"line":77,"column":29}},"53":{"start":{"line":78,"column":6},"end":{"line":78,"column":29}},"54":{"start":{"line":79,"column":6},"end":{"line":79,"column":29}},"55":{"start":{"line":80,"column":6},"end":{"line":80,"column":123}},"56":{"start":{"line":80,"column":26},"end":{"line":80,"column":49}}},"branchMap":{}},"/Users/nickdyer/projects/bowling-scores/src/Frame.js":{"path":"/Users/nickdyer/projects/bowling-scores/src/Frame.js","s":{"1":1,"2":127,"3":127,"4":127,"5":127,"6":127,"7":1,"8":82,"9":6,"10":1,"11":82,"12":17,"13":1,"14":69,"15":67,"16":67,"17":1,"18":69,"19":1,"20":68,"21":1,"22":1,"23":67,"24":67,"25":67,"26":1},"b":{"1":[6,76],"2":[82,22],"3":[17,65],"4":[1,68],"5":[1,67],"6":[43,24]},"f":{"1":127,"2":82,"3":82,"4":69,"5":69,"6":67},"fnMap":{"1":{"name":"Frame","line":3,"loc":{"start":{"line":3,"column":0},"end":{"line":3,"column":17}}},"2":{"name":"(anonymous_2)","line":12,"loc":{"start":{"line":12,"column":26},"end":{"line":12,"column":37}}},"3":{"name":"(anonymous_3)","line":16,"loc":{"start":{"line":16,"column":27},"end":{"line":16,"column":38}}},"4":{"name":"(anonymous_4)","line":20,"loc":{"start":{"line":20,"column":30},"end":{"line":20,"column":48}}},"5":{"name":"(anonymous_5)","line":26,"loc":{"start":{"line":26,"column":38},"end":{"line":26,"column":56}}},"6":{"name":"(anonymous_6)","line":31,"loc":{"start":{"line":31,"column":40},"end":{"line":31,"column":58}}}},"statementMap":{"1":{"start":{"line":3,"column":0},"end":{"line":9,"column":1}},"2":{"start":{"line":4,"column":2},"end":{"line":4,"column":21}},"3":{"start":{"line":5,"column":2},"end":{"line":5,"column":21}},"4":{"start":{"line":6,"column":2},"end":{"line":6,"column":24}},"5":{"start":{"line":7,"column":2},"end":{"line":7,"column":25}},"6":{"start":{"line":8,"column":2},"end":{"line":8,"column":17}},"7":{"start":{"line":12,"column":0},"end":{"line":14,"column":2}},"8":{"start":{"line":13,"column":2},"end":{"line":13,"column":96}},"9":{"start":{"line":13,"column":82},"end":{"line":13,"column":94}},"10":{"start":{"line":16,"column":0},"end":{"line":18,"column":2}},"11":{"start":{"line":17,"column":2},"end":{"line":17,"column":46}},"12":{"start":{"line":17,"column":32},"end":{"line":17,"column":44}},"13":{"start":{"line":20,"column":0},"end":{"line":24,"column":2}},"14":{"start":{"line":21,"column":2},"end":{"line":21,"column":36}},"15":{"start":{"line":22,"column":2},"end":{"line":22,"column":38}},"16":{"start":{"line":23,"column":2},"end":{"line":23,"column":19}},"17":{"start":{"line":26,"column":0},"end":{"line":29,"column":2}},"18":{"start":{"line":27,"column":2},"end":{"line":27,"column":100}},"19":{"start":{"line":27,"column":30},"end":{"line":27,"column":98}},"20":{"start":{"line":28,"column":2},"end":{"line":28,"column":98}},"21":{"start":{"line":28,"column":40},"end":{"line":28,"column":96}},"22":{"start":{"line":31,"column":0},"end":{"line":35,"column":2}},"23":{"start":{"line":32,"column":2},"end":{"line":32,"column":27}},"24":{"start":{"line":33,"column":2},"end":{"line":33,"column":24}},"25":{"start":{"line":34,"column":2},"end":{"line":34,"column":81}},"26":{"start":{"line":37,"column":0},"end":{"line":37,"column":23}}},"branchMap":{"1":{"line":13,"type":"if","locations":[{"start":{"line":13,"column":2},"end":{"line":13,"column":2}},{"start":{"line":13,"column":2},"end":{"line":13,"column":2}}]},"2":{"line":13,"type":"binary-expr","locations":[{"start":{"line":13,"column":7},"end":{"line":13,"column":48}},{"start":{"line":13,"column":53},"end":{"line":13,"column":77}}]},"3":{"line":17,"type":"if","locations":[{"start":{"line":17,"column":2},"end":{"line":17,"column":2}},{"start":{"line":17,"column":2},"end":{"line":17,"column":2}}]},"4":{"line":27,"type":"if","locations":[{"start":{"line":27,"column":2},"end":{"line":27,"column":2}},{"start":{"line":27,"column":2},"end":{"line":27,"column":2}}]},"5":{"line":28,"type":"if","locations":[{"start":{"line":28,"column":2},"end":{"line":28,"column":2}},{"start":{"line":28,"column":2},"end":{"line":28,"column":2}}]},"6":{"line":34,"type":"cond-expr","locations":[{"start":{"line":34,"column":28},"end":{"line":34,"column":52}},{"start":{"line":34,"column":55},"end":{"line":34,"column":80}}]}}},"/Users/nickdyer/projects/bowling-scores/src/FrameTen.js":{"path":"/Users/nickdyer/projects/bowling-scores/src/FrameTen.js","s":{"1":1,"2":1,"3":16,"4":16,"5":1,"6":1,"7":27,"8":24,"9":24,"10":1,"11":27,"12":3,"13":1,"14":24,"15":24,"16":24,"17":1,"18":24,"19":5,"20":19,"21":5,"22":14,"23":1,"24":27,"25":1,"26":25,"27":1,"28":24,"29":1},"b":{"1":[3,24],"2":[27,25],"3":[5,19],"4":[5,14],"5":[27,23,11],"6":[25,19,16],"7":[9,15],"8":[9,6]},"f":{"1":16,"2":27,"3":27,"4":24,"5":24,"6":27,"7":25,"8":24},"fnMap":{"1":{"name":"FrameTen","line":5,"loc":{"start":{"line":5,"column":0},"end":{"line":5,"column":20}}},"2":{"name":"(anonymous_2)","line":12,"loc":{"start":{"line":12,"column":33},"end":{"line":12,"column":51}}},"3":{"name":"(anonymous_3)","line":18,"loc":{"start":{"line":18,"column":40},"end":{"line":18,"column":58}}},"4":{"name":"(anonymous_4)","line":24,"loc":{"start":{"line":24,"column":43},"end":{"line":24,"column":61}}},"5":{"name":"(anonymous_5)","line":30,"loc":{"start":{"line":30,"column":32},"end":{"line":30,"column":50}}},"6":{"name":"(anonymous_6)","line":36,"loc":{"start":{"line":36,"column":48},"end":{"line":36,"column":59}}},"7":{"name":"(anonymous_7)","line":40,"loc":{"start":{"line":40,"column":52},"end":{"line":40,"column":63}}},"8":{"name":"(anonymous_8)","line":44,"loc":{"start":{"line":44,"column":33},"end":{"line":44,"column":51}}}},"statementMap":{"1":{"start":{"line":3,"column":0},"end":{"line":3,"column":39}},"2":{"start":{"line":5,"column":0},"end":{"line":8,"column":1}},"3":{"start":{"line":6,"column":2},"end":{"line":6,"column":24}},"4":{"start":{"line":7,"column":2},"end":{"line":7,"column":24}},"5":{"start":{"line":10,"column":0},"end":{"line":10,"column":33}},"6":{"start":{"line":12,"column":0},"end":{"line":16,"column":2}},"7":{"start":{"line":13,"column":2},"end":{"line":13,"column":35}},"8":{"start":{"line":14,"column":2},"end":{"line":14,"column":38}},"9":{"start":{"line":15,"column":2},"end":{"line":15,"column":19}},"10":{"start":{"line":18,"column":0},"end":{"line":22,"column":2}},"11":{"start":{"line":19,"column":2},"end":{"line":21,"column":3}},"12":{"start":{"line":20,"column":4},"end":{"line":20,"column":72}},"13":{"start":{"line":24,"column":0},"end":{"line":28,"column":2}},"14":{"start":{"line":25,"column":2},"end":{"line":25,"column":27}},"15":{"start":{"line":26,"column":2},"end":{"line":26,"column":24}},"16":{"start":{"line":27,"column":2},"end":{"line":27,"column":28}},"17":{"start":{"line":30,"column":0},"end":{"line":34,"column":2}},"18":{"start":{"line":31,"column":2},"end":{"line":33,"column":38}},"19":{"start":{"line":31,"column":25},"end":{"line":31,"column":44}},"20":{"start":{"line":32,"column":9},"end":{"line":33,"column":38}},"21":{"start":{"line":32,"column":58},"end":{"line":32,"column":77}},"22":{"start":{"line":33,"column":11},"end":{"line":33,"column":36}},"23":{"start":{"line":36,"column":0},"end":{"line":38,"column":2}},"24":{"start":{"line":37,"column":2},"end":{"line":37,"column":71}},"25":{"start":{"line":40,"column":0},"end":{"line":42,"column":2}},"26":{"start":{"line":41,"column":2},"end":{"line":41,"column":73}},"27":{"start":{"line":44,"column":0},"end":{"line":47,"column":2}},"28":{"start":{"line":45,"column":4},"end":{"line":46,"column":82}},"29":{"start":{"line":49,"column":0},"end":{"line":49,"column":26}}},"branchMap":{"1":{"line":19,"type":"if","locations":[{"start":{"line":19,"column":2},"end":{"line":19,"column":2}},{"start":{"line":19,"column":2},"end":{"line":19,"column":2}}]},"2":{"line":19,"type":"binary-expr","locations":[{"start":{"line":19,"column":7},"end":{"line":19,"column":40}},{"start":{"line":19,"column":44},"end":{"line":19,"column":81}}]},"3":{"line":31,"type":"if","locations":[{"start":{"line":31,"column":2},"end":{"line":31,"column":2}},{"start":{"line":31,"column":2},"end":{"line":31,"column":2}}]},"4":{"line":32,"type":"if","locations":[{"start":{"line":32,"column":9},"end":{"line":32,"column":9}},{"start":{"line":32,"column":9},"end":{"line":32,"column":9}}]},"5":{"line":37,"type":"binary-expr","locations":[{"start":{"line":37,"column":11},"end":{"line":37,"column":25}},{"start":{"line":37,"column":29},"end":{"line":37,"column":44}},{"start":{"line":37,"column":49},"end":{"line":37,"column":69}}]},"6":{"line":41,"type":"binary-expr","locations":[{"start":{"line":41,"column":11},"end":{"line":41,"column":27}},{"start":{"line":41,"column":31},"end":{"line":41,"column":46}},{"start":{"line":41,"column":51},"end":{"line":41,"column":71}}]},"7":{"line":45,"type":"cond-expr","locations":[{"start":{"line":45,"column":30},"end":{"line":45,"column":54}},{"start":{"line":46,"column":2},"end":{"line":46,"column":81}}]},"8":{"line":46,"type":"cond-expr","locations":[{"start":{"line":46,"column":29},"end":{"line":46,"column":54}},{"start":{"line":46,"column":57},"end":{"line":46,"column":81}}]}}},"/Users/nickdyer/projects/bowling-scores/spec/PlayerSpec.js":{"path":"/Users/nickdyer/projects/bowling-scores/spec/PlayerSpec.js","s":{"1":1,"2":1,"3":1,"4":1,"5":1,"6":1,"7":1,"8":1},"b":{},"f":{"1":1,"2":1},"fnMap":{"1":{"name":"(anonymous_1)","line":6,"loc":{"start":{"line":6,"column":19},"end":{"line":6,"column":30}}},"2":{"name":"(anonymous_2)","line":8,"loc":{"start":{"line":8,"column":33},"end":{"line":8,"column":43}}}},"statementMap":{"1":{"start":{"line":3,"column":0},"end":{"line":3,"column":38}},"2":{"start":{"line":4,"column":0},"end":{"line":4,"column":36}},"3":{"start":{"line":6,"column":0},"end":{"line":15,"column":3}},"4":{"start":{"line":8,"column":4},"end":{"line":13,"column":7}},"5":{"start":{"line":9,"column":6},"end":{"line":9,"column":32}},"6":{"start":{"line":10,"column":6},"end":{"line":10,"column":63}},"7":{"start":{"line":11,"column":6},"end":{"line":11,"column":28}},"8":{"start":{"line":12,"column":6},"end":{"line":12,"column":51}}},"branchMap":{}},"/Users/nickdyer/projects/bowling-scores/src/Player.js":{"path":"/Users/nickdyer/projects/bowling-scores/src/Player.js","s":{"1":1,"2":1,"3":1,"4":1},"b":{},"f":{"1":1,"2":1},"fnMap":{"1":{"name":"Player","line":3,"loc":{"start":{"line":3,"column":0},"end":{"line":3,"column":18}}},"2":{"name":"(anonymous_2)","line":5,"loc":{"start":{"line":5,"column":24},"end":{"line":5,"column":56}}}},"statementMap":{"1":{"start":{"line":3,"column":0},"end":{"line":3,"column":20}},"2":{"start":{"line":5,"column":0},"end":{"line":7,"column":2}},"3":{"start":{"line":6,"column":2},"end":{"line":6,"column":36}},"4":{"start":{"line":9,"column":0},"end":{"line":9,"column":24}}},"branchMap":{}},"/Users/nickdyer/projects/bowling-scores/spec/ScorecardSpec.js":{"path":"/Users/nickdyer/projects/bowling-scores/spec/ScorecardSpec.js","s":{"1":1,"2":1,"3":1,"4":1,"5":1,"6":1,"7":13,"8":13,"9":1,"10":1,"11":1,"12":1,"13":1,"14":1,"15":1,"16":1,"17":1,"18":1,"19":1,"20":1,"21":1,"22":1,"23":1,"24":1,"25":1,"26":1,"27":1,"28":1,"29":1,"30":1,"31":1,"32":1,"33":1,"34":1,"35":1,"36":1,"37":1,"38":1,"39":1,"40":1,"41":1,"42":1,"43":1,"44":1,"45":1,"46":1,"47":1,"48":1,"49":1,"50":1,"51":1,"52":1,"53":1,"54":1,"55":1,"56":1,"57":1,"58":1,"59":1,"60":1,"61":1,"62":1,"63":1,"64":1,"65":1,"66":1,"67":1,"68":1,"69":1,"70":1,"71":1,"72":1,"73":1,"74":1,"75":1,"76":1,"77":1,"78":1,"79":1,"80":1,"81":1,"82":1,"83":1,"84":1,"85":1,"86":1,"87":1,"88":1,"89":1,"90":1,"91":1,"92":1,"93":1,"94":1,"95":1,"96":1,"97":1,"98":1,"99":1,"100":1,"101":1,"102":1,"103":1,"104":1,"105":1,"106":1,"107":1,"108":1,"109":1,"110":1,"111":1,"112":1,"113":1,"114":1,"115":1,"116":1,"117":1,"118":1},"b":{},"f":{"1":1,"2":13,"3":1,"4":1,"5":1,"6":1,"7":1,"8":1,"9":1,"10":1,"11":1,"12":1,"13":1,"14":1,"15":1,"16":1},"fnMap":{"1":{"name":"(anonymous_1)","line":7,"loc":{"start":{"line":7,"column":22},"end":{"line":7,"column":33}}},"2":{"name":"(anonymous_2)","line":12,"loc":{"start":{"line":12,"column":13},"end":{"line":12,"column":23}}},"3":{"name":"(anonymous_3)","line":17,"loc":{"start":{"line":17,"column":52},"end":{"line":17,"column":63}}},"4":{"name":"(anonymous_4)","line":21,"loc":{"start":{"line":21,"column":46},"end":{"line":21,"column":56}}},"5":{"name":"(anonymous_5)","line":25,"loc":{"start":{"line":25,"column":65},"end":{"line":25,"column":75}}},"6":{"name":"(anonymous_6)","line":33,"loc":{"start":{"line":33,"column":57},"end":{"line":33,"column":67}}},"7":{"name":"(anonymous_7)","line":34,"loc":{"start":{"line":34,"column":12},"end":{"line":34,"column":22}}},"8":{"name":"(anonymous_8)","line":37,"loc":{"start":{"line":37,"column":55},"end":{"line":37,"column":66}}},"9":{"name":"(anonymous_9)","line":46,"loc":{"start":{"line":46,"column":56},"end":{"line":46,"column":67}}},"10":{"name":"(anonymous_10)","line":54,"loc":{"start":{"line":54,"column":73},"end":{"line":54,"column":84}}},"11":{"name":"(anonymous_11)","line":62,"loc":{"start":{"line":62,"column":62},"end":{"line":62,"column":73}}},"12":{"name":"(anonymous_12)","line":71,"loc":{"start":{"line":71,"column":55},"end":{"line":71,"column":66}}},"13":{"name":"(anonymous_13)","line":79,"loc":{"start":{"line":79,"column":46},"end":{"line":79,"column":57}}},"14":{"name":"(anonymous_14)","line":86,"loc":{"start":{"line":86,"column":36},"end":{"line":86,"column":47}}},"15":{"name":"(anonymous_15)","line":110,"loc":{"start":{"line":110,"column":38},"end":{"line":110,"column":49}}},"16":{"name":"(anonymous_16)","line":135,"loc":{"start":{"line":135,"column":39},"end":{"line":135,"column":50}}}},"statementMap":{"1":{"start":{"line":3,"column":0},"end":{"line":3,"column":44}},"2":{"start":{"line":4,"column":0},"end":{"line":4,"column":36}},"3":{"start":{"line":5,"column":0},"end":{"line":5,"column":42}},"4":{"start":{"line":7,"column":0},"end":{"line":152,"column":3}},"5":{"start":{"line":9,"column":2},"end":{"line":9,"column":32}},"6":{"start":{"line":12,"column":2},"end":{"line":15,"column":5}},"7":{"start":{"line":13,"column":4},"end":{"line":13,"column":32}},"8":{"start":{"line":14,"column":4},"end":{"line":14,"column":28}},"9":{"start":{"line":17,"column":2},"end":{"line":19,"column":5}},"10":{"start":{"line":18,"column":4},"end":{"line":18,"column":48}},"11":{"start":{"line":21,"column":2},"end":{"line":23,"column":5}},"12":{"start":{"line":22,"column":4},"end":{"line":22,"column":41}},"13":{"start":{"line":25,"column":2},"end":{"line":31,"column":5}},"14":{"start":{"line":26,"column":4},"end":{"line":26,"column":39}},"15":{"start":{"line":27,"column":4},"end":{"line":27,"column":39}},"16":{"start":{"line":28,"column":4},"end":{"line":28,"column":39}},"17":{"start":{"line":29,"column":4},"end":{"line":29,"column":39}},"18":{"start":{"line":30,"column":4},"end":{"line":30,"column":42}},"19":{"start":{"line":33,"column":2},"end":{"line":35,"column":5}},"20":{"start":{"line":34,"column":4},"end":{"line":34,"column":134}},"21":{"start":{"line":34,"column":24},"end":{"line":34,"column":48}},"22":{"start":{"line":37,"column":2},"end":{"line":44,"column":5}},"23":{"start":{"line":38,"column":4},"end":{"line":38,"column":39}},"24":{"start":{"line":39,"column":4},"end":{"line":39,"column":39}},"25":{"start":{"line":40,"column":4},"end":{"line":40,"column":39}},"26":{"start":{"line":41,"column":4},"end":{"line":41,"column":39}},"27":{"start":{"line":42,"column":4},"end":{"line":42,"column":31}},"28":{"start":{"line":43,"column":4},"end":{"line":43,"column":50}},"29":{"start":{"line":46,"column":2},"end":{"line":52,"column":5}},"30":{"start":{"line":47,"column":4},"end":{"line":47,"column":40}},"31":{"start":{"line":48,"column":4},"end":{"line":48,"column":39}},"32":{"start":{"line":49,"column":4},"end":{"line":49,"column":39}},"33":{"start":{"line":50,"column":4},"end":{"line":50,"column":31}},"34":{"start":{"line":51,"column":4},"end":{"line":51,"column":50}},"35":{"start":{"line":54,"column":2},"end":{"line":60,"column":5}},"36":{"start":{"line":55,"column":4},"end":{"line":55,"column":40}},"37":{"start":{"line":56,"column":4},"end":{"line":56,"column":40}},"38":{"start":{"line":57,"column":4},"end":{"line":57,"column":40}},"39":{"start":{"line":58,"column":4},"end":{"line":58,"column":31}},"40":{"start":{"line":59,"column":4},"end":{"line":59,"column":50}},"41":{"start":{"line":62,"column":2},"end":{"line":69,"column":5}},"42":{"start":{"line":63,"column":4},"end":{"line":63,"column":40}},"43":{"start":{"line":64,"column":4},"end":{"line":64,"column":40}},"44":{"start":{"line":65,"column":4},"end":{"line":65,"column":39}},"45":{"start":{"line":66,"column":4},"end":{"line":66,"column":39}},"46":{"start":{"line":67,"column":4},"end":{"line":67,"column":31}},"47":{"start":{"line":68,"column":4},"end":{"line":68,"column":50}},"48":{"start":{"line":71,"column":2},"end":{"line":77,"column":5}},"49":{"start":{"line":72,"column":4},"end":{"line":72,"column":39}},"50":{"start":{"line":73,"column":4},"end":{"line":73,"column":39}},"51":{"start":{"line":74,"column":4},"end":{"line":74,"column":39}},"52":{"start":{"line":75,"column":4},"end":{"line":75,"column":31}},"53":{"start":{"line":76,"column":4},"end":{"line":76,"column":50}},"54":{"start":{"line":79,"column":2},"end":{"line":84,"column":5}},"55":{"start":{"line":80,"column":4},"end":{"line":80,"column":39}},"56":{"start":{"line":81,"column":4},"end":{"line":81,"column":39}},"57":{"start":{"line":82,"column":4},"end":{"line":82,"column":31}},"58":{"start":{"line":83,"column":4},"end":{"line":83,"column":49}},"59":{"start":{"line":86,"column":2},"end":{"line":108,"column":5}},"60":{"start":{"line":87,"column":4},"end":{"line":87,"column":39}},"61":{"start":{"line":88,"column":4},"end":{"line":88,"column":39}},"62":{"start":{"line":89,"column":4},"end":{"line":89,"column":39}},"63":{"start":{"line":90,"column":4},"end":{"line":90,"column":39}},"64":{"start":{"line":91,"column":4},"end":{"line":91,"column":39}},"65":{"start":{"line":92,"column":4},"end":{"line":92,"column":39}},"66":{"start":{"line":93,"column":4},"end":{"line":93,"column":39}},"67":{"start":{"line":94,"column":4},"end":{"line":94,"column":39}},"68":{"start":{"line":95,"column":4},"end":{"line":95,"column":40}},"69":{"start":{"line":96,"column":4},"end":{"line":96,"column":39}},"70":{"start":{"line":97,"column":4},"end":{"line":97,"column":39}},"71":{"start":{"line":98,"column":4},"end":{"line":98,"column":39}},"72":{"start":{"line":99,"column":4},"end":{"line":99,"column":39}},"73":{"start":{"line":100,"column":4},"end":{"line":100,"column":39}},"74":{"start":{"line":101,"column":4},"end":{"line":101,"column":39}},"75":{"start":{"line":102,"column":4},"end":{"line":102,"column":40}},"76":{"start":{"line":103,"column":4},"end":{"line":103,"column":39}},"77":{"start":{"line":104,"column":4},"end":{"line":104,"column":39}},"78":{"start":{"line":105,"column":4},"end":{"line":105,"column":39}},"79":{"start":{"line":106,"column":4},"end":{"line":106,"column":31}},"80":{"start":{"line":107,"column":4},"end":{"line":107,"column":43}},"81":{"start":{"line":110,"column":2},"end":{"line":133,"column":5}},"82":{"start":{"line":111,"column":4},"end":{"line":111,"column":39}},"83":{"start":{"line":112,"column":4},"end":{"line":112,"column":39}},"84":{"start":{"line":113,"column":4},"end":{"line":113,"column":39}},"85":{"start":{"line":114,"column":4},"end":{"line":114,"column":39}},"86":{"start":{"line":115,"column":4},"end":{"line":115,"column":39}},"87":{"start":{"line":116,"column":4},"end":{"line":116,"column":39}},"88":{"start":{"line":117,"column":4},"end":{"line":117,"column":39}},"89":{"start":{"line":118,"column":4},"end":{"line":118,"column":39}},"90":{"start":{"line":119,"column":4},"end":{"line":119,"column":39}},"91":{"start":{"line":120,"column":4},"end":{"line":120,"column":39}},"92":{"start":{"line":121,"column":4},"end":{"line":121,"column":39}},"93":{"start":{"line":122,"column":4},"end":{"line":122,"column":39}},"94":{"start":{"line":123,"column":4},"end":{"line":123,"column":39}},"95":{"start":{"line":124,"column":4},"end":{"line":124,"column":39}},"96":{"start":{"line":125,"column":4},"end":{"line":125,"column":39}},"97":{"start":{"line":126,"column":4},"end":{"line":126,"column":39}},"98":{"start":{"line":127,"column":4},"end":{"line":127,"column":39}},"99":{"start":{"line":128,"column":4},"end":{"line":128,"column":39}},"100":{"start":{"line":129,"column":4},"end":{"line":129,"column":39}},"101":{"start":{"line":130,"column":4},"end":{"line":130,"column":39}},"102":{"start":{"line":131,"column":4},"end":{"line":131,"column":31}},"103":{"start":{"line":132,"column":4},"end":{"line":132,"column":41}},"104":{"start":{"line":135,"column":2},"end":{"line":150,"column":5}},"105":{"start":{"line":136,"column":4},"end":{"line":136,"column":40}},"106":{"start":{"line":137,"column":4},"end":{"line":137,"column":40}},"107":{"start":{"line":138,"column":4},"end":{"line":138,"column":40}},"108":{"start":{"line":139,"column":4},"end":{"line":139,"column":40}},"109":{"start":{"line":140,"column":4},"end":{"line":140,"column":40}},"110":{"start":{"line":141,"column":4},"end":{"line":141,"column":40}},"111":{"start":{"line":142,"column":4},"end":{"line":142,"column":40}},"112":{"start":{"line":143,"column":4},"end":{"line":143,"column":40}},"113":{"start":{"line":144,"column":4},"end":{"line":144,"column":40}},"114":{"start":{"line":145,"column":4},"end":{"line":145,"column":40}},"115":{"start":{"line":146,"column":4},"end":{"line":146,"column":40}},"116":{"start":{"line":147,"column":4},"end":{"line":147,"column":40}},"117":{"start":{"line":148,"column":4},"end":{"line":148,"column":31}},"118":{"start":{"line":149,"column":4},"end":{"line":149,"column":43}}},"branchMap":{}},"/Users/nickdyer/projects/bowling-scores/src/Scorecard.js":{"path":"/Users/nickdyer/projects/bowling-scores/src/Scorecard.js","s":{"1":1,"2":1,"3":1,"4":13,"5":1,"6":14,"7":1,"8":13,"9":117,"10":13,"11":1,"12":14,"13":1,"14":5,"15":5,"16":50,"17":5,"18":1,"19":9,"20":81,"21":81,"22":1,"23":81,"24":5,"25":1,"26":81,"27":16,"28":1,"29":21,"30":1,"31":16,"32":1},"b":{"1":[1,13],"2":[5,76],"3":[16,65],"4":[16,11]},"f":{"1":13,"2":14,"3":14,"4":5,"5":9,"6":81,"7":81,"8":21,"9":16},"fnMap":{"1":{"name":"Scorecard","line":6,"loc":{"start":{"line":6,"column":0},"end":{"line":6,"column":21}}},"2":{"name":"(anonymous_2)","line":10,"loc":{"start":{"line":10,"column":29},"end":{"line":10,"column":47}}},"3":{"name":"(anonymous_3)","line":16,"loc":{"start":{"line":16,"column":33},"end":{"line":16,"column":44}}},"4":{"name":"(anonymous_4)","line":20,"loc":{"start":{"line":20,"column":28},"end":{"line":20,"column":40}}},"5":{"name":"(anonymous_5)","line":26,"loc":{"start":{"line":26,"column":37},"end":{"line":26,"column":48}}},"6":{"name":"(anonymous_6)","line":33,"loc":{"start":{"line":33,"column":37},"end":{"line":33,"column":49}}},"7":{"name":"(anonymous_7)","line":37,"loc":{"start":{"line":37,"column":38},"end":{"line":37,"column":50}}},"8":{"name":"(anonymous_8)","line":41,"loc":{"start":{"line":41,"column":38},"end":{"line":41,"column":50}}},"9":{"name":"(anonymous_9)","line":45,"loc":{"start":{"line":45,"column":39},"end":{"line":45,"column":51}}}},"statementMap":{"1":{"start":{"line":3,"column":0},"end":{"line":3,"column":36}},"2":{"start":{"line":4,"column":0},"end":{"line":4,"column":42}},"3":{"start":{"line":6,"column":0},"end":{"line":8,"column":1}},"4":{"start":{"line":7,"column":2},"end":{"line":7,"column":19}},"5":{"start":{"line":10,"column":0},"end":{"line":14,"column":2}},"6":{"start":{"line":11,"column":2},"end":{"line":11,"column":114}},"7":{"start":{"line":11,"column":33},"end":{"line":11,"column":112}},"8":{"start":{"line":12,"column":2},"end":{"line":12,"column":64}},"9":{"start":{"line":12,"column":32},"end":{"line":12,"column":62}},"10":{"start":{"line":13,"column":4},"end":{"line":13,"column":37}},"11":{"start":{"line":16,"column":0},"end":{"line":18,"column":2}},"12":{"start":{"line":17,"column":2},"end":{"line":17,"column":28}},"13":{"start":{"line":20,"column":0},"end":{"line":24,"column":2}},"14":{"start":{"line":21,"column":2},"end":{"line":21,"column":16}},"15":{"start":{"line":22,"column":2},"end":{"line":22,"column":81}},"16":{"start":{"line":22,"column":49},"end":{"line":22,"column":79}},"17":{"start":{"line":23,"column":2},"end":{"line":23,"column":15}},"18":{"start":{"line":26,"column":0},"end":{"line":31,"column":2}},"19":{"start":{"line":27,"column":2},"end":{"line":30,"column":3}},"20":{"start":{"line":28,"column":4},"end":{"line":28,"column":27}},"21":{"start":{"line":29,"column":4},"end":{"line":29,"column":28}},"22":{"start":{"line":33,"column":0},"end":{"line":35,"column":2}},"23":{"start":{"line":34,"column":3},"end":{"line":34,"column":85}},"24":{"start":{"line":34,"column":35},"end":{"line":34,"column":83}},"25":{"start":{"line":37,"column":0},"end":{"line":39,"column":2}},"26":{"start":{"line":38,"column":3},"end":{"line":38,"column":115}},"27":{"start":{"line":38,"column":36},"end":{"line":38,"column":113}},"28":{"start":{"line":41,"column":0},"end":{"line":43,"column":2}},"29":{"start":{"line":42,"column":2},"end":{"line":42,"column":36}},"30":{"start":{"line":45,"column":0},"end":{"line":47,"column":2}},"31":{"start":{"line":46,"column":2},"end":{"line":46,"column":67}},"32":{"start":{"line":49,"column":0},"end":{"line":49,"column":27}}},"branchMap":{"1":{"line":11,"type":"if","locations":[{"start":{"line":11,"column":2},"end":{"line":11,"column":2}},{"start":{"line":11,"column":2},"end":{"line":11,"column":2}}]},"2":{"line":34,"type":"if","locations":[{"start":{"line":34,"column":3},"end":{"line":34,"column":3}},{"start":{"line":34,"column":3},"end":{"line":34,"column":3}}]},"3":{"line":38,"type":"if","locations":[{"start":{"line":38,"column":3},"end":{"line":38,"column":3}},{"start":{"line":38,"column":3},"end":{"line":38,"column":3}}]},"4":{"line":46,"type":"binary-expr","locations":[{"start":{"line":46,"column":9},"end":{"line":46,"column":36}},{"start":{"line":46,"column":40},"end":{"line":46,"column":66}}]}}}}