TN:
SF:spec/FrameSpec.js
FN:6,(anonymous_1)
FN:11,(anonymous_2)
FN:15,(anonymous_3)
FN:20,(anonymous_4)
FN:26,(anonymous_5)
FN:29,(anonymous_6)
FN:32,(anonymous_7)
FN:34,(anonymous_8)
FN:37,(anonymous_9)
FN:44,(anonymous_10)
FN:50,(anonymous_11)
FN:56,(anonymous_12)
FN:61,(anonymous_13)
FN:64,(anonymous_14)
FN:70,(anonymous_15)
FN:74,(anonymous_16)
FN:80,(anonymous_17)
FNF:17
FNH:17
FNDA:1,(anonymous_1)
FNDA:10,(anonymous_2)
FNDA:1,(anonymous_3)
FNDA:1,(anonymous_4)
FNDA:1,(anonymous_5)
FNDA:1,(anonymous_6)
FNDA:1,(anonymous_7)
FNDA:1,(anonymous_8)
FNDA:1,(anonymous_9)
FNDA:1,(anonymous_10)
FNDA:1,(anonymous_11)
FNDA:1,(anonymous_12)
FNDA:1,(anonymous_13)
FNDA:1,(anonymous_14)
FNDA:1,(anonymous_15)
FNDA:1,(anonymous_16)
FNDA:1,(anonymous_17)
DA:3,1
DA:4,1
DA:6,1
DA:8,1
DA:9,1
DA:11,1
DA:12,10
DA:15,1
DA:16,1
DA:20,1
DA:21,1
DA:22,1
DA:26,1
DA:27,1
DA:28,1
DA:29,1
DA:32,1
DA:33,1
DA:34,1
DA:37,1
DA:38,1
DA:39,1
DA:40,1
DA:41,1
DA:44,1
DA:45,1
DA:46,1
DA:47,1
DA:50,1
DA:51,1
DA:52,1
DA:56,1
DA:57,1
DA:58,1
DA:59,1
DA:60,1
DA:61,1
DA:64,1
DA:65,1
DA:66,1
DA:67,1
DA:68,1
DA:69,1
DA:70,1
DA:74,1
DA:75,1
DA:76,1
DA:77,1
DA:78,1
DA:79,1
DA:80,1
LF:51
LH:51
BRF:0
BRH:0
end_of_record
TN:
SF:src/Frame.js
FN:3,Frame
FN:12,(anonymous_2)
FN:16,(anonymous_3)
FN:20,(anonymous_4)
FN:26,(anonymous_5)
FN:31,(anonymous_6)
FNF:6
FNH:6
FNDA:127,Frame
FNDA:82,(anonymous_2)
FNDA:82,(anonymous_3)
FNDA:69,(anonymous_4)
FNDA:69,(anonymous_5)
FNDA:67,(anonymous_6)
DA:3,1
DA:4,127
DA:5,127
DA:6,127
DA:7,127
DA:8,127
DA:12,1
DA:13,82
DA:16,1
DA:17,82
DA:20,1
DA:21,69
DA:22,67
DA:23,67
DA:26,1
DA:27,69
DA:28,68
DA:31,1
DA:32,67
DA:33,67
DA:34,67
DA:37,1
LF:22
LH:22
BRDA:13,1,0,6
BRDA:13,1,1,76
BRDA:13,2,0,82
BRDA:13,2,1,22
BRDA:17,3,0,17
BRDA:17,3,1,65
BRDA:27,4,0,1
BRDA:27,4,1,68
BRDA:28,5,0,1
BRDA:28,5,1,67
BRDA:34,6,0,43
BRDA:34,6,1,24
BRF:12
BRH:12
end_of_record
TN:
SF:src/FrameTen.js
FN:5,FrameTen
FN:12,(anonymous_2)
FN:18,(anonymous_3)
FN:24,(anonymous_4)
FN:30,(anonymous_5)
FN:36,(anonymous_6)
FN:40,(anonymous_7)
FN:44,(anonymous_8)
FNF:8
FNH:8
FNDA:16,FrameTen
FNDA:27,(anonymous_2)
FNDA:27,(anonymous_3)
FNDA:24,(anonymous_4)
FNDA:24,(anonymous_5)
FNDA:27,(anonymous_6)
FNDA:25,(anonymous_7)
FNDA:24,(anonymous_8)
DA:3,1
DA:5,1
DA:6,16
DA:7,16
DA:10,1
DA:12,1
DA:13,27
DA:14,24
DA:15,24
DA:18,1
DA:19,27
DA:20,3
DA:24,1
DA:25,24
DA:26,24
DA:27,24
DA:30,1
DA:31,24
DA:32,19
DA:33,14
DA:36,1
DA:37,27
DA:40,1
DA:41,25
DA:44,1
DA:45,24
DA:49,1
LF:27
LH:27
BRDA:19,1,0,3
BRDA:19,1,1,24
BRDA:19,2,0,27
BRDA:19,2,1,25
BRDA:31,3,0,5
BRDA:31,3,1,19
BRDA:32,4,0,5
BRDA:32,4,1,14
BRDA:37,5,0,27
BRDA:37,5,1,23
BRDA:37,5,2,11
BRDA:41,6,0,25
BRDA:41,6,1,19
BRDA:41,6,2,16
BRDA:45,7,0,9
BRDA:45,7,1,15
BRDA:46,8,0,9
BRDA:46,8,1,6
BRF:18
BRH:18
end_of_record
TN:
SF:spec/PlayerSpec.js
FN:6,(anonymous_1)
FN:8,(anonymous_2)
FNF:2
FNH:2
FNDA:1,(anonymous_1)
FNDA:1,(anonymous_2)
DA:3,1
DA:4,1
DA:6,1
DA:8,1
DA:9,1
DA:10,1
DA:11,1
DA:12,1
LF:8
LH:8
BRF:0
BRH:0
end_of_record
TN:
SF:src/Player.js
FN:3,Player
FN:5,(anonymous_2)
FNF:2
FNH:2
FNDA:1,Player
FNDA:1,(anonymous_2)
DA:3,1
DA:5,1
DA:6,1
DA:9,1
LF:4
LH:4
BRF:0
BRH:0
end_of_record
TN:
SF:spec/ScorecardSpec.js
FN:7,(anonymous_1)
FN:12,(anonymous_2)
FN:17,(anonymous_3)
FN:21,(anonymous_4)
FN:25,(anonymous_5)
FN:33,(anonymous_6)
FN:34,(anonymous_7)
FN:37,(anonymous_8)
FN:46,(anonymous_9)
FN:54,(anonymous_10)
FN:62,(anonymous_11)
FN:71,(anonymous_12)
FN:79,(anonymous_13)
FN:86,(anonymous_14)
FN:110,(anonymous_15)
FN:135,(anonymous_16)
FNF:16
FNH:16
FNDA:1,(anonymous_1)
FNDA:13,(anonymous_2)
FNDA:1,(anonymous_3)
FNDA:1,(anonymous_4)
FNDA:1,(anonymous_5)
FNDA:1,(anonymous_6)
FNDA:1,(anonymous_7)
FNDA:1,(anonymous_8)
FNDA:1,(anonymous_9)
FNDA:1,(anonymous_10)
FNDA:1,(anonymous_11)
FNDA:1,(anonymous_12)
FNDA:1,(anonymous_13)
FNDA:1,(anonymous_14)
FNDA:1,(anonymous_15)
FNDA:1,(anonymous_16)
DA:3,1
DA:4,1
DA:5,1
DA:7,1
DA:9,1
DA:12,1
DA:13,13
DA:14,13
DA:17,1
DA:18,1
DA:21,1
DA:22,1
DA:25,1
DA:26,1
DA:27,1
DA:28,1
DA:29,1
DA:30,1
DA:33,1
DA:34,1
DA:37,1
DA:38,1
DA:39,1
DA:40,1
DA:41,1
DA:42,1
DA:43,1
DA:46,1
DA:47,1
DA:48,1
DA:49,1
DA:50,1
DA:51,1
DA:54,1
DA:55,1
DA:56,1
DA:57,1
DA:58,1
DA:59,1
DA:62,1
DA:63,1
DA:64,1
DA:65,1
DA:66,1
DA:67,1
DA:68,1
DA:71,1
DA:72,1
DA:73,1
DA:74,1
DA:75,1
DA:76,1
DA:79,1
DA:80,1
DA:81,1
DA:82,1
DA:83,1
DA:86,1
DA:87,1
DA:88,1
DA:89,1
DA:90,1
DA:91,1
DA:92,1
DA:93,1
DA:94,1
DA:95,1
DA:96,1
DA:97,1
DA:98,1
DA:99,1
DA:100,1
DA:101,1
DA:102,1
DA:103,1
DA:104,1
DA:105,1
DA:106,1
DA:107,1
DA:110,1
DA:111,1
DA:112,1
DA:113,1
DA:114,1
DA:115,1
DA:116,1
DA:117,1
DA:118,1
DA:119,1
DA:120,1
DA:121,1
DA:122,1
DA:123,1
DA:124,1
DA:125,1
DA:126,1
DA:127,1
DA:128,1
DA:129,1
DA:130,1
DA:131,1
DA:132,1
DA:135,1
DA:136,1
DA:137,1
DA:138,1
DA:139,1
DA:140,1
DA:141,1
DA:142,1
DA:143,1
DA:144,1
DA:145,1
DA:146,1
DA:147,1
DA:148,1
DA:149,1
LF:117
LH:117
BRF:0
BRH:0
end_of_record
TN:
SF:src/Scorecard.js
FN:6,Scorecard
FN:10,(anonymous_2)
FN:16,(anonymous_3)
FN:20,(anonymous_4)
FN:26,(anonymous_5)
FN:33,(anonymous_6)
FN:37,(anonymous_7)
FN:41,(anonymous_8)
FN:45,(anonymous_9)
FNF:9
FNH:9
FNDA:13,Scorecard
FNDA:14,(anonymous_2)
FNDA:14,(anonymous_3)
FNDA:5,(anonymous_4)
FNDA:9,(anonymous_5)
FNDA:81,(anonymous_6)
FNDA:81,(anonymous_7)
FNDA:21,(anonymous_8)
FNDA:16,(anonymous_9)
DA:3,1
DA:4,1
DA:6,1
DA:7,13
DA:10,1
DA:11,14
DA:12,117
DA:13,13
DA:16,1
DA:17,14
DA:20,1
DA:21,5
DA:22,50
DA:23,5
DA:26,1
DA:27,9
DA:28,81
DA:29,81
DA:33,1
DA:34,81
DA:37,1
DA:38,81
DA:41,1
DA:42,21
DA:45,1
DA:46,16
DA:49,1
LF:27
LH:27
BRDA:11,1,0,1
BRDA:11,1,1,13
BRDA:34,2,0,5
BRDA:34,2,1,76
BRDA:38,3,0,16
BRDA:38,3,1,65
BRDA:46,4,0,16
BRDA:46,4,1,11
BRF:8
BRH:8
end_of_record
